<?xml version="1.0" encoding="UTF-8"?>
<!-- Generated by org.testng.reporters.JUnitReportReporter -->
<testsuite hostname="DESKTOP-5VI0HAR" failures="0" tests="1" name="testcases.LoginPageTestCases" time="8.733" errors="0" timestamp="2023-12-31T23:12:31 CST" skipped="0">
  <testcase classname="testcases.LoginPageTestCases" name="login" time="8.733"/>
</testsuite> <!-- testcases.LoginPageTestCases -->
