<?xml version="1.0" encoding="UTF-8"?>
<!-- Generated by org.testng.reporters.JUnitReportReporter -->
<testsuite hostname="DESKTOP-5VI0HAR" failures="0" tests="1" name="testcases.LoginPageObjectModel" time="9.738" errors="0" timestamp="2023-12-31T22:32:12 CST" skipped="0">
  <testcase classname="testcases.LoginPageObjectModel" name="login" time="9.738"/>
</testsuite> <!-- testcases.LoginPageObjectModel -->
