<?xml version="1.0" encoding="UTF-8"?>
<!-- Generated by org.testng.reporters.JUnitReportReporter -->
<testsuite hostname="DESKTOP-5VI0HAR" failures="0" tests="1" name="testcases.AdminPageTestCases" time="14.715" errors="0" timestamp="2024-01-01T00:29:03 CST" skipped="0">
  <testcase classname="testcases.AdminPageTestCases" name="adminTest" time="14.715"/>
</testsuite> <!-- testcases.AdminPageTestCases -->
